0 info it worked if it ends with ok
1 verbose cli [ '/usr/local/Cellar/node/6.5.0/bin/node',
1 verbose cli   '/usr/local/bin/npm',
1 verbose cli   'install',
1 verbose cli   '-g',
1 verbose cli   'grunt-cli' ]
2 info using npm@3.10.9
3 info using node@v6.6.0
4 silly loadCurrentTree Starting
5 silly install loadCurrentTree
6 silly install readGlobalPackageData
7 silly fetchPackageMetaData grunt-cli
8 silly fetchNamedPackageData grunt-cli
9 silly mapToRegistry name grunt-cli
10 silly mapToRegistry using default registry
11 silly mapToRegistry registry https://registry.npmjs.org/
12 silly mapToRegistry data Result {
12 silly mapToRegistry   raw: 'grunt-cli',
12 silly mapToRegistry   scope: null,
12 silly mapToRegistry   escapedName: 'grunt-cli',
12 silly mapToRegistry   name: 'grunt-cli',
12 silly mapToRegistry   rawSpec: '',
12 silly mapToRegistry   spec: 'latest',
12 silly mapToRegistry   type: 'tag' }
13 silly mapToRegistry uri https://registry.npmjs.org/grunt-cli
14 verbose request uri https://registry.npmjs.org/grunt-cli
15 verbose request no auth needed
16 info attempt registry request try #1 at 4:15:23 PM
17 verbose request id 31861491090690e5
18 verbose etag "40GKUB0O1L7V3QVEEM9P09N6Z"
19 http request GET https://registry.npmjs.org/grunt-cli
20 http 304 https://registry.npmjs.org/grunt-cli
21 verbose headers { date: 'Fri, 14 Oct 2016 20:15:24 GMT',
21 verbose headers   via: '1.1 varnish',
21 verbose headers   'cache-control': 'max-age=300',
21 verbose headers   etag: '"40GKUB0O1L7V3QVEEM9P09N6Z"',
21 verbose headers   age: '14',
21 verbose headers   connection: 'keep-alive',
21 verbose headers   'x-served-by': 'cache-iad2140-IAD',
21 verbose headers   'x-cache': 'HIT',
21 verbose headers   'x-cache-hits': '1109',
21 verbose headers   'x-timer': 'S1476476124.153753,VS0,VE0',
21 verbose headers   vary: 'Accept-Encoding' }
22 silly get cb [ 304,
22 silly get   { date: 'Fri, 14 Oct 2016 20:15:24 GMT',
22 silly get     via: '1.1 varnish',
22 silly get     'cache-control': 'max-age=300',
22 silly get     etag: '"40GKUB0O1L7V3QVEEM9P09N6Z"',
22 silly get     age: '14',
22 silly get     connection: 'keep-alive',
22 silly get     'x-served-by': 'cache-iad2140-IAD',
22 silly get     'x-cache': 'HIT',
22 silly get     'x-cache-hits': '1109',
22 silly get     'x-timer': 'S1476476124.153753,VS0,VE0',
22 silly get     vary: 'Accept-Encoding' } ]
23 verbose etag https://registry.npmjs.org/grunt-cli from cache
24 verbose get saving grunt-cli to /Users/Marliana/.npm/registry.npmjs.org/grunt-cli/.cache.json
25 verbose correctMkdir /Users/Marliana/.npm correctMkdir not in flight; initializing
26 silly install normalizeTree
27 silly loadCurrentTree Finishing
28 silly loadIdealTree Starting
29 silly install loadIdealTree
30 silly cloneCurrentTree Starting
31 silly install cloneCurrentTreeToIdealTree
32 silly cloneCurrentTree Finishing
33 silly loadShrinkwrap Starting
34 silly install loadShrinkwrap
35 silly loadShrinkwrap Finishing
36 silly loadAllDepsIntoIdealTree Starting
37 silly install loadAllDepsIntoIdealTree
38 silly resolveWithNewModule grunt-cli@1.2.0 checking installable status
39 silly cache add args [ 'grunt-cli', null ]
40 verbose cache add spec grunt-cli
41 silly cache add parsed spec Result {
41 silly cache add   raw: 'grunt-cli',
41 silly cache add   scope: null,
41 silly cache add   escapedName: 'grunt-cli',
41 silly cache add   name: 'grunt-cli',
41 silly cache add   rawSpec: '',
41 silly cache add   spec: 'latest',
41 silly cache add   type: 'tag' }
42 silly addNamed grunt-cli@latest
43 verbose addNamed "latest" is being treated as a dist-tag for grunt-cli
44 info addNameTag [ 'grunt-cli', 'latest' ]
45 silly mapToRegistry name grunt-cli
46 silly mapToRegistry using default registry
47 silly mapToRegistry registry https://registry.npmjs.org/
48 silly mapToRegistry data Result {
48 silly mapToRegistry   raw: 'grunt-cli',
48 silly mapToRegistry   scope: null,
48 silly mapToRegistry   escapedName: 'grunt-cli',
48 silly mapToRegistry   name: 'grunt-cli',
48 silly mapToRegistry   rawSpec: '',
48 silly mapToRegistry   spec: 'latest',
48 silly mapToRegistry   type: 'tag' }
49 silly mapToRegistry uri https://registry.npmjs.org/grunt-cli
50 verbose addNameTag registry:https://registry.npmjs.org/grunt-cli not in flight; fetching
51 verbose get https://registry.npmjs.org/grunt-cli not expired, no request
52 silly addNameTag next cb for grunt-cli with tag latest
53 silly addNamed grunt-cli@1.2.0
54 verbose addNamed "1.2.0" is a plain semver version for grunt-cli
55 silly cache afterAdd grunt-cli@1.2.0
56 verbose afterAdd /Users/Marliana/.npm/grunt-cli/1.2.0/package/package.json not in flight; writing
57 verbose correctMkdir /Users/Marliana/.npm correctMkdir not in flight; initializing
58 verbose afterAdd /Users/Marliana/.npm/grunt-cli/1.2.0/package/package.json written
59 silly fetchNamedPackageData findup-sync
60 silly mapToRegistry name findup-sync
61 silly mapToRegistry using default registry
62 silly mapToRegistry registry https://registry.npmjs.org/
63 silly mapToRegistry data Result {
63 silly mapToRegistry   raw: 'findup-sync',
63 silly mapToRegistry   scope: null,
63 silly mapToRegistry   escapedName: 'findup-sync',
63 silly mapToRegistry   name: 'findup-sync',
63 silly mapToRegistry   rawSpec: '',
63 silly mapToRegistry   spec: 'latest',
63 silly mapToRegistry   type: 'tag' }
64 silly mapToRegistry uri https://registry.npmjs.org/findup-sync
65 silly fetchNamedPackageData grunt-known-options
66 silly mapToRegistry name grunt-known-options
67 silly mapToRegistry using default registry
68 silly mapToRegistry registry https://registry.npmjs.org/
69 silly mapToRegistry data Result {
69 silly mapToRegistry   raw: 'grunt-known-options',
69 silly mapToRegistry   scope: null,
69 silly mapToRegistry   escapedName: 'grunt-known-options',
69 silly mapToRegistry   name: 'grunt-known-options',
69 silly mapToRegistry   rawSpec: '',
69 silly mapToRegistry   spec: 'latest',
69 silly mapToRegistry   type: 'tag' }
70 silly mapToRegistry uri https://registry.npmjs.org/grunt-known-options
71 silly fetchNamedPackageData nopt
72 silly mapToRegistry name nopt
73 silly mapToRegistry using default registry
74 silly mapToRegistry registry https://registry.npmjs.org/
75 silly mapToRegistry data Result {
75 silly mapToRegistry   raw: 'nopt',
75 silly mapToRegistry   scope: null,
75 silly mapToRegistry   escapedName: 'nopt',
75 silly mapToRegistry   name: 'nopt',
75 silly mapToRegistry   rawSpec: '',
75 silly mapToRegistry   spec: 'latest',
75 silly mapToRegistry   type: 'tag' }
76 silly mapToRegistry uri https://registry.npmjs.org/nopt
77 silly fetchNamedPackageData resolve
78 silly mapToRegistry name resolve
79 silly mapToRegistry using default registry
80 silly mapToRegistry registry https://registry.npmjs.org/
81 silly mapToRegistry data Result {
81 silly mapToRegistry   raw: 'resolve',
81 silly mapToRegistry   scope: null,
81 silly mapToRegistry   escapedName: 'resolve',
81 silly mapToRegistry   name: 'resolve',
81 silly mapToRegistry   rawSpec: '',
81 silly mapToRegistry   spec: 'latest',
81 silly mapToRegistry   type: 'tag' }
82 silly mapToRegistry uri https://registry.npmjs.org/resolve
83 verbose request uri https://registry.npmjs.org/grunt-known-options
84 verbose request no auth needed
85 info attempt registry request try #1 at 4:15:23 PM
86 verbose etag "7QSNI1GHSQUPUZPXA2OGSKIJS"
87 http request GET https://registry.npmjs.org/grunt-known-options
88 verbose request uri https://registry.npmjs.org/findup-sync
89 verbose request no auth needed
90 info attempt registry request try #1 at 4:15:23 PM
91 verbose etag "2C20PHDNVMV8476ZK3552G8MH"
92 http request GET https://registry.npmjs.org/findup-sync
93 verbose request uri https://registry.npmjs.org/nopt
94 verbose request no auth needed
95 info attempt registry request try #1 at 4:15:23 PM
96 verbose etag "N4A3NUOKEJU836ACEHGH2YMD"
97 http request GET https://registry.npmjs.org/nopt
98 verbose request uri https://registry.npmjs.org/resolve
99 verbose request no auth needed
100 info attempt registry request try #1 at 4:15:23 PM
101 verbose etag "49FEVR491UG5GXM3C3O28V7SL"
102 http request GET https://registry.npmjs.org/resolve
103 http 304 https://registry.npmjs.org/grunt-known-options
104 verbose headers { date: 'Fri, 14 Oct 2016 20:15:24 GMT',
104 verbose headers   via: '1.1 varnish',
104 verbose headers   'cache-control': 'max-age=300',
104 verbose headers   etag: '"7QSNI1GHSQUPUZPXA2OGSKIJS"',
104 verbose headers   age: '100',
104 verbose headers   connection: 'keep-alive',
104 verbose headers   'x-served-by': 'cache-iad2140-IAD',
104 verbose headers   'x-cache': 'HIT',
104 verbose headers   'x-cache-hits': '1',
104 verbose headers   'x-timer': 'S1476476124.337918,VS0,VE0',
104 verbose headers   vary: 'Accept-Encoding' }
105 silly get cb [ 304,
105 silly get   { date: 'Fri, 14 Oct 2016 20:15:24 GMT',
105 silly get     via: '1.1 varnish',
105 silly get     'cache-control': 'max-age=300',
105 silly get     etag: '"7QSNI1GHSQUPUZPXA2OGSKIJS"',
105 silly get     age: '100',
105 silly get     connection: 'keep-alive',
105 silly get     'x-served-by': 'cache-iad2140-IAD',
105 silly get     'x-cache': 'HIT',
105 silly get     'x-cache-hits': '1',
105 silly get     'x-timer': 'S1476476124.337918,VS0,VE0',
105 silly get     vary: 'Accept-Encoding' } ]
106 verbose etag https://registry.npmjs.org/grunt-known-options from cache
107 verbose get saving grunt-known-options to /Users/Marliana/.npm/registry.npmjs.org/grunt-known-options/.cache.json
108 verbose correctMkdir /Users/Marliana/.npm correctMkdir not in flight; initializing
109 silly resolveWithNewModule grunt-known-options@1.1.0 checking installable status
110 silly cache add args [ 'grunt-known-options@~1.1.0', null ]
111 verbose cache add spec grunt-known-options@~1.1.0
112 silly cache add parsed spec Result {
112 silly cache add   raw: 'grunt-known-options@~1.1.0',
112 silly cache add   scope: null,
112 silly cache add   escapedName: 'grunt-known-options',
112 silly cache add   name: 'grunt-known-options',
112 silly cache add   rawSpec: '~1.1.0',
112 silly cache add   spec: '>=1.1.0 <1.2.0',
112 silly cache add   type: 'range' }
113 silly addNamed grunt-known-options@>=1.1.0 <1.2.0
114 verbose addNamed ">=1.1.0 <1.2.0" is a valid semver range for grunt-known-options
115 silly addNameRange { name: 'grunt-known-options',
115 silly addNameRange   range: '>=1.1.0 <1.2.0',
115 silly addNameRange   hasData: false }
116 silly mapToRegistry name grunt-known-options
117 silly mapToRegistry using default registry
118 silly mapToRegistry registry https://registry.npmjs.org/
119 silly mapToRegistry data Result {
119 silly mapToRegistry   raw: 'grunt-known-options',
119 silly mapToRegistry   scope: null,
119 silly mapToRegistry   escapedName: 'grunt-known-options',
119 silly mapToRegistry   name: 'grunt-known-options',
119 silly mapToRegistry   rawSpec: '',
119 silly mapToRegistry   spec: 'latest',
119 silly mapToRegistry   type: 'tag' }
120 silly mapToRegistry uri https://registry.npmjs.org/grunt-known-options
121 verbose addNameRange registry:https://registry.npmjs.org/grunt-known-options not in flight; fetching
122 verbose get https://registry.npmjs.org/grunt-known-options not expired, no request
123 silly addNameRange number 2 { name: 'grunt-known-options',
123 silly addNameRange   range: '>=1.1.0 <1.2.0',
123 silly addNameRange   hasData: true }
124 silly addNameRange versions [ 'grunt-known-options', [ '1.0.0', '1.1.0' ] ]
125 silly addNamed grunt-known-options@1.1.0
126 verbose addNamed "1.1.0" is a plain semver version for grunt-known-options
127 silly cache afterAdd grunt-known-options@1.1.0
128 verbose afterAdd /Users/Marliana/.npm/grunt-known-options/1.1.0/package/package.json not in flight; writing
129 verbose correctMkdir /Users/Marliana/.npm correctMkdir not in flight; initializing
130 verbose afterAdd /Users/Marliana/.npm/grunt-known-options/1.1.0/package/package.json written
131 http 200 https://registry.npmjs.org/findup-sync
132 verbose headers { server: 'CouchDB/1.5.0 (Erlang OTP/R16B03)',
132 verbose headers   etag: '"47L5RFROPJQUFV7I200H1EE90"',
132 verbose headers   'content-type': 'application/json',
132 verbose headers   'content-encoding': 'gzip',
132 verbose headers   'cache-control': 'max-age=300',
132 verbose headers   'content-length': '3925',
132 verbose headers   'accept-ranges': 'bytes',
132 verbose headers   date: 'Fri, 14 Oct 2016 20:15:24 GMT',
132 verbose headers   via: '1.1 varnish',
132 verbose headers   age: '78',
132 verbose headers   connection: 'keep-alive',
132 verbose headers   'x-served-by': 'cache-iad2636-IAD',
132 verbose headers   'x-cache': 'HIT',
132 verbose headers   'x-cache-hits': '4',
132 verbose headers   'x-timer': 'S1476476124.380397,VS0,VE0',
132 verbose headers   vary: 'Accept-Encoding' }
133 silly get cb [ 200,
133 silly get   { server: 'CouchDB/1.5.0 (Erlang OTP/R16B03)',
133 silly get     etag: '"47L5RFROPJQUFV7I200H1EE90"',
133 silly get     'content-type': 'application/json',
133 silly get     'content-encoding': 'gzip',
133 silly get     'cache-control': 'max-age=300',
133 silly get     'content-length': '3925',
133 silly get     'accept-ranges': 'bytes',
133 silly get     date: 'Fri, 14 Oct 2016 20:15:24 GMT',
133 silly get     via: '1.1 varnish',
133 silly get     age: '78',
133 silly get     connection: 'keep-alive',
133 silly get     'x-served-by': 'cache-iad2636-IAD',
133 silly get     'x-cache': 'HIT',
133 silly get     'x-cache-hits': '4',
133 silly get     'x-timer': 'S1476476124.380397,VS0,VE0',
133 silly get     vary: 'Accept-Encoding' } ]
134 verbose get saving findup-sync to /Users/Marliana/.npm/registry.npmjs.org/findup-sync/.cache.json
135 verbose correctMkdir /Users/Marliana/.npm correctMkdir not in flight; initializing
136 silly resolveWithNewModule findup-sync@0.3.0 checking installable status
137 silly cache add args [ 'findup-sync@~0.3.0', null ]
138 verbose cache add spec findup-sync@~0.3.0
139 silly cache add parsed spec Result {
139 silly cache add   raw: 'findup-sync@~0.3.0',
139 silly cache add   scope: null,
139 silly cache add   escapedName: 'findup-sync',
139 silly cache add   name: 'findup-sync',
139 silly cache add   rawSpec: '~0.3.0',
139 silly cache add   spec: '>=0.3.0 <0.4.0',
139 silly cache add   type: 'range' }
140 silly addNamed findup-sync@>=0.3.0 <0.4.0
141 verbose addNamed ">=0.3.0 <0.4.0" is a valid semver range for findup-sync
142 silly addNameRange { name: 'findup-sync', range: '>=0.3.0 <0.4.0', hasData: false }
143 silly mapToRegistry name findup-sync
144 silly mapToRegistry using default registry
145 silly mapToRegistry registry https://registry.npmjs.org/
146 silly mapToRegistry data Result {
146 silly mapToRegistry   raw: 'findup-sync',
146 silly mapToRegistry   scope: null,
146 silly mapToRegistry   escapedName: 'findup-sync',
146 silly mapToRegistry   name: 'findup-sync',
146 silly mapToRegistry   rawSpec: '',
146 silly mapToRegistry   spec: 'latest',
146 silly mapToRegistry   type: 'tag' }
147 silly mapToRegistry uri https://registry.npmjs.org/findup-sync
148 verbose addNameRange registry:https://registry.npmjs.org/findup-sync not in flight; fetching
149 http 304 https://registry.npmjs.org/nopt
150 verbose headers { date: 'Fri, 14 Oct 2016 20:15:24 GMT',
150 verbose headers   via: '1.1 varnish',
150 verbose headers   'cache-control': 'max-age=300',
150 verbose headers   etag: '"N4A3NUOKEJU836ACEHGH2YMD"',
150 verbose headers   age: '162',
150 verbose headers   connection: 'keep-alive',
150 verbose headers   'x-served-by': 'cache-iad2647-IAD',
150 verbose headers   'x-cache': 'HIT',
150 verbose headers   'x-cache-hits': '13',
150 verbose headers   'x-timer': 'S1476476124.388176,VS0,VE0',
150 verbose headers   vary: 'Accept-Encoding' }
151 silly get cb [ 304,
151 silly get   { date: 'Fri, 14 Oct 2016 20:15:24 GMT',
151 silly get     via: '1.1 varnish',
151 silly get     'cache-control': 'max-age=300',
151 silly get     etag: '"N4A3NUOKEJU836ACEHGH2YMD"',
151 silly get     age: '162',
151 silly get     connection: 'keep-alive',
151 silly get     'x-served-by': 'cache-iad2647-IAD',
151 silly get     'x-cache': 'HIT',
151 silly get     'x-cache-hits': '13',
151 silly get     'x-timer': 'S1476476124.388176,VS0,VE0',
151 silly get     vary: 'Accept-Encoding' } ]
152 verbose etag https://registry.npmjs.org/nopt from cache
153 verbose get saving nopt to /Users/Marliana/.npm/registry.npmjs.org/nopt/.cache.json
154 verbose correctMkdir /Users/Marliana/.npm correctMkdir not in flight; initializing
155 verbose get https://registry.npmjs.org/findup-sync not expired, no request
156 silly addNameRange number 2 { name: 'findup-sync', range: '>=0.3.0 <0.4.0', hasData: true }
157 silly addNameRange versions [ 'findup-sync',
157 silly addNameRange   [ '0.1.0',
157 silly addNameRange     '0.1.1',
157 silly addNameRange     '0.1.2',
157 silly addNameRange     '0.1.3',
157 silly addNameRange     '0.2.0',
157 silly addNameRange     '0.2.1',
157 silly addNameRange     '0.3.0',
157 silly addNameRange     '0.4.0',
157 silly addNameRange     '0.4.1',
157 silly addNameRange     '0.4.2',
157 silly addNameRange     '0.4.3' ] ]
158 silly addNamed findup-sync@0.3.0
159 verbose addNamed "0.3.0" is a plain semver version for findup-sync
160 http 304 https://registry.npmjs.org/resolve
161 verbose headers { date: 'Fri, 14 Oct 2016 20:15:24 GMT',
161 verbose headers   via: '1.1 varnish',
161 verbose headers   'cache-control': 'max-age=300',
161 verbose headers   etag: '"49FEVR491UG5GXM3C3O28V7SL"',
161 verbose headers   age: '193',
161 verbose headers   connection: 'keep-alive',
161 verbose headers   'x-served-by': 'cache-iad2148-IAD',
161 verbose headers   'x-cache': 'HIT',
161 verbose headers   'x-cache-hits': '10',
161 verbose headers   'x-timer': 'S1476476124.391053,VS0,VE0',
161 verbose headers   vary: 'Accept-Encoding' }
162 silly get cb [ 304,
162 silly get   { date: 'Fri, 14 Oct 2016 20:15:24 GMT',
162 silly get     via: '1.1 varnish',
162 silly get     'cache-control': 'max-age=300',
162 silly get     etag: '"49FEVR491UG5GXM3C3O28V7SL"',
162 silly get     age: '193',
162 silly get     connection: 'keep-alive',
162 silly get     'x-served-by': 'cache-iad2148-IAD',
162 silly get     'x-cache': 'HIT',
162 silly get     'x-cache-hits': '10',
162 silly get     'x-timer': 'S1476476124.391053,VS0,VE0',
162 silly get     vary: 'Accept-Encoding' } ]
163 verbose etag https://registry.npmjs.org/resolve from cache
164 verbose get saving resolve to /Users/Marliana/.npm/registry.npmjs.org/resolve/.cache.json
165 verbose correctMkdir /Users/Marliana/.npm correctMkdir not in flight; initializing
166 silly resolveWithNewModule nopt@3.0.6 checking installable status
167 silly cache add args [ 'nopt@~3.0.6', null ]
168 verbose cache add spec nopt@~3.0.6
169 silly cache add parsed spec Result {
169 silly cache add   raw: 'nopt@~3.0.6',
169 silly cache add   scope: null,
169 silly cache add   escapedName: 'nopt',
169 silly cache add   name: 'nopt',
169 silly cache add   rawSpec: '~3.0.6',
169 silly cache add   spec: '>=3.0.6 <3.1.0',
169 silly cache add   type: 'range' }
170 silly addNamed nopt@>=3.0.6 <3.1.0
171 verbose addNamed ">=3.0.6 <3.1.0" is a valid semver range for nopt
172 silly addNameRange { name: 'nopt', range: '>=3.0.6 <3.1.0', hasData: false }
173 silly mapToRegistry name nopt
174 silly mapToRegistry using default registry
175 silly mapToRegistry registry https://registry.npmjs.org/
176 silly mapToRegistry data Result {
176 silly mapToRegistry   raw: 'nopt',
176 silly mapToRegistry   scope: null,
176 silly mapToRegistry   escapedName: 'nopt',
176 silly mapToRegistry   name: 'nopt',
176 silly mapToRegistry   rawSpec: '',
176 silly mapToRegistry   spec: 'latest',
176 silly mapToRegistry   type: 'tag' }
177 silly mapToRegistry uri https://registry.npmjs.org/nopt
178 verbose addNameRange registry:https://registry.npmjs.org/nopt not in flight; fetching
179 silly cache afterAdd findup-sync@0.3.0
180 verbose afterAdd /Users/Marliana/.npm/findup-sync/0.3.0/package/package.json not in flight; writing
181 verbose correctMkdir /Users/Marliana/.npm correctMkdir not in flight; initializing
182 silly resolveWithNewModule resolve@1.1.7 checking installable status
183 silly cache add args [ 'resolve@~1.1.0', null ]
184 verbose cache add spec resolve@~1.1.0
185 silly cache add parsed spec Result {
185 silly cache add   raw: 'resolve@~1.1.0',
185 silly cache add   scope: null,
185 silly cache add   escapedName: 'resolve',
185 silly cache add   name: 'resolve',
185 silly cache add   rawSpec: '~1.1.0',
185 silly cache add   spec: '>=1.1.0 <1.2.0',
185 silly cache add   type: 'range' }
186 silly addNamed resolve@>=1.1.0 <1.2.0
187 verbose addNamed ">=1.1.0 <1.2.0" is a valid semver range for resolve
188 silly addNameRange { name: 'resolve', range: '>=1.1.0 <1.2.0', hasData: false }
189 silly mapToRegistry name resolve
190 silly mapToRegistry using default registry
191 silly mapToRegistry registry https://registry.npmjs.org/
192 silly mapToRegistry data Result {
192 silly mapToRegistry   raw: 'resolve',
192 silly mapToRegistry   scope: null,
192 silly mapToRegistry   escapedName: 'resolve',
192 silly mapToRegistry   name: 'resolve',
192 silly mapToRegistry   rawSpec: '',
192 silly mapToRegistry   spec: 'latest',
192 silly mapToRegistry   type: 'tag' }
193 silly mapToRegistry uri https://registry.npmjs.org/resolve
194 verbose addNameRange registry:https://registry.npmjs.org/resolve not in flight; fetching
195 verbose get https://registry.npmjs.org/nopt not expired, no request
196 silly addNameRange number 2 { name: 'nopt', range: '>=3.0.6 <3.1.0', hasData: true }
197 silly addNameRange versions [ 'nopt',
197 silly addNameRange   [ '1.0.0',
197 silly addNameRange     '1.0.1',
197 silly addNameRange     '1.0.2',
197 silly addNameRange     '1.0.3',
197 silly addNameRange     '1.0.4',
197 silly addNameRange     '1.0.5',
197 silly addNameRange     '1.0.6',
197 silly addNameRange     '1.0.7',
197 silly addNameRange     '1.0.8',
197 silly addNameRange     '1.0.9',
197 silly addNameRange     '1.0.10',
197 silly addNameRange     '2.0.0',
197 silly addNameRange     '2.1.0',
197 silly addNameRange     '2.1.1',
197 silly addNameRange     '2.1.2',
197 silly addNameRange     '2.2.0',
197 silly addNameRange     '2.2.1',
197 silly addNameRange     '3.0.0',
197 silly addNameRange     '3.0.1',
197 silly addNameRange     '3.0.2',
197 silly addNameRange     '3.0.3',
197 silly addNameRange     '3.0.4',
197 silly addNameRange     '3.0.5',
197 silly addNameRange     '3.0.6' ] ]
198 silly addNamed nopt@3.0.6
199 verbose addNamed "3.0.6" is a plain semver version for nopt
200 verbose get https://registry.npmjs.org/resolve not expired, no request
201 silly addNameRange number 2 { name: 'resolve', range: '>=1.1.0 <1.2.0', hasData: true }
202 silly addNameRange versions [ 'resolve',
202 silly addNameRange   [ '0.0.0',
202 silly addNameRange     '0.0.1',
202 silly addNameRange     '0.0.2',
202 silly addNameRange     '0.0.3',
202 silly addNameRange     '0.0.4',
202 silly addNameRange     '0.1.0',
202 silly addNameRange     '0.1.2',
202 silly addNameRange     '0.1.3',
202 silly addNameRange     '0.2.0',
202 silly addNameRange     '0.2.1',
202 silly addNameRange     '0.2.2',
202 silly addNameRange     '0.2.3',
202 silly addNameRange     '0.2.4',
202 silly addNameRange     '0.2.5',
202 silly addNameRange     '0.2.6',
202 silly addNameRange     '0.2.7',
202 silly addNameRange     '0.2.8',
202 silly addNameRange     '0.3.0',
202 silly addNameRange     '0.3.1',
202 silly addNameRange     '0.4.0',
202 silly addNameRange     '0.4.1',
202 silly addNameRange     '0.4.2',
202 silly addNameRange     '0.4.3',
202 silly addNameRange     '0.5.0',
202 silly addNameRange     '0.5.1',
202 silly addNameRange     '0.6.0',
202 silly addNameRange     '0.6.1',
202 silly addNameRange     '0.6.2',
202 silly addNameRange     '0.6.3',
202 silly addNameRange     '0.7.0',
202 silly addNameRange     '0.7.1',
202 silly addNameRange     '0.7.2',
202 silly addNameRange     '0.7.3',
202 silly addNameRange     '0.7.4',
202 silly addNameRange     '1.0.0',
202 silly addNameRange     '1.1.0',
202 silly addNameRange     '1.1.2',
202 silly addNameRange     '1.1.3',
202 silly addNameRange     '1.1.4',
202 silly addNameRange     '1.1.5',
202 silly addNameRange     '1.1.6',
202 silly addNameRange     '1.1.7' ] ]
203 silly addNamed resolve@1.1.7
204 verbose addNamed "1.1.7" is a plain semver version for resolve
205 verbose afterAdd /Users/Marliana/.npm/findup-sync/0.3.0/package/package.json written
206 silly cache afterAdd resolve@1.1.7
207 verbose afterAdd /Users/Marliana/.npm/resolve/1.1.7/package/package.json not in flight; writing
208 verbose correctMkdir /Users/Marliana/.npm correctMkdir not in flight; initializing
209 silly cache afterAdd nopt@3.0.6
210 verbose afterAdd /Users/Marliana/.npm/nopt/3.0.6/package/package.json not in flight; writing
211 verbose correctMkdir /Users/Marliana/.npm correctMkdir not in flight; initializing
212 verbose afterAdd /Users/Marliana/.npm/nopt/3.0.6/package/package.json written
213 verbose afterAdd /Users/Marliana/.npm/resolve/1.1.7/package/package.json written
214 silly fetchNamedPackageData glob
215 silly mapToRegistry name glob
216 silly mapToRegistry using default registry
217 silly mapToRegistry registry https://registry.npmjs.org/
218 silly mapToRegistry data Result {
218 silly mapToRegistry   raw: 'glob',
218 silly mapToRegistry   scope: null,
218 silly mapToRegistry   escapedName: 'glob',
218 silly mapToRegistry   name: 'glob',
218 silly mapToRegistry   rawSpec: '',
218 silly mapToRegistry   spec: 'latest',
218 silly mapToRegistry   type: 'tag' }
219 silly mapToRegistry uri https://registry.npmjs.org/glob
220 verbose request uri https://registry.npmjs.org/glob
221 verbose request no auth needed
222 info attempt registry request try #1 at 4:15:23 PM
223 verbose etag "40VZ40WIL6NABC812NOYWBQUP"
224 http request GET https://registry.npmjs.org/glob
225 http 304 https://registry.npmjs.org/glob
226 verbose headers { date: 'Fri, 14 Oct 2016 20:15:24 GMT',
226 verbose headers   via: '1.1 varnish',
226 verbose headers   'cache-control': 'max-age=300',
226 verbose headers   etag: '"40VZ40WIL6NABC812NOYWBQUP"',
226 verbose headers   age: '149',
226 verbose headers   connection: 'keep-alive',
226 verbose headers   'x-served-by': 'cache-iad2140-IAD',
226 verbose headers   'x-cache': 'HIT',
226 verbose headers   'x-cache-hits': '30',
226 verbose headers   'x-timer': 'S1476476124.447473,VS0,VE0',
226 verbose headers   vary: 'Accept-Encoding' }
227 silly get cb [ 304,
227 silly get   { date: 'Fri, 14 Oct 2016 20:15:24 GMT',
227 silly get     via: '1.1 varnish',
227 silly get     'cache-control': 'max-age=300',
227 silly get     etag: '"40VZ40WIL6NABC812NOYWBQUP"',
227 silly get     age: '149',
227 silly get     connection: 'keep-alive',
227 silly get     'x-served-by': 'cache-iad2140-IAD',
227 silly get     'x-cache': 'HIT',
227 silly get     'x-cache-hits': '30',
227 silly get     'x-timer': 'S1476476124.447473,VS0,VE0',
227 silly get     vary: 'Accept-Encoding' } ]
228 verbose etag https://registry.npmjs.org/glob from cache
229 verbose get saving glob to /Users/Marliana/.npm/registry.npmjs.org/glob/.cache.json
230 verbose correctMkdir /Users/Marliana/.npm correctMkdir not in flight; initializing
231 silly resolveWithNewModule glob@5.0.15 checking installable status
232 silly cache add args [ 'glob@~5.0.0', null ]
233 verbose cache add spec glob@~5.0.0
234 silly cache add parsed spec Result {
234 silly cache add   raw: 'glob@~5.0.0',
234 silly cache add   scope: null,
234 silly cache add   escapedName: 'glob',
234 silly cache add   name: 'glob',
234 silly cache add   rawSpec: '~5.0.0',
234 silly cache add   spec: '>=5.0.0 <5.1.0',
234 silly cache add   type: 'range' }
235 silly addNamed glob@>=5.0.0 <5.1.0
236 verbose addNamed ">=5.0.0 <5.1.0" is a valid semver range for glob
237 silly addNameRange { name: 'glob', range: '>=5.0.0 <5.1.0', hasData: false }
238 silly mapToRegistry name glob
239 silly mapToRegistry using default registry
240 silly mapToRegistry registry https://registry.npmjs.org/
241 silly mapToRegistry data Result {
241 silly mapToRegistry   raw: 'glob',
241 silly mapToRegistry   scope: null,
241 silly mapToRegistry   escapedName: 'glob',
241 silly mapToRegistry   name: 'glob',
241 silly mapToRegistry   rawSpec: '',
241 silly mapToRegistry   spec: 'latest',
241 silly mapToRegistry   type: 'tag' }
242 silly mapToRegistry uri https://registry.npmjs.org/glob
243 verbose addNameRange registry:https://registry.npmjs.org/glob not in flight; fetching
244 verbose get https://registry.npmjs.org/glob not expired, no request
245 silly addNameRange number 2 { name: 'glob', range: '>=5.0.0 <5.1.0', hasData: true }
246 silly addNameRange versions [ 'glob',
246 silly addNameRange   [ '1.1.0',
246 silly addNameRange     '2.0.9',
246 silly addNameRange     '2.0.8',
246 silly addNameRange     '2.0.7',
246 silly addNameRange     '2.1.0',
246 silly addNameRange     '3.0.0',
246 silly addNameRange     '3.0.1',
246 silly addNameRange     '3.1.0',
246 silly addNameRange     '3.1.1',
246 silly addNameRange     '3.1.2',
246 silly addNameRange     '3.1.3',
246 silly addNameRange     '3.1.4',
246 silly addNameRange     '3.1.5',
246 silly addNameRange     '3.1.6',
246 silly addNameRange     '3.1.7',
246 silly addNameRange     '3.1.9',
246 silly addNameRange     '3.1.10',
246 silly addNameRange     '3.1.11',
246 silly addNameRange     '3.1.12',
246 silly addNameRange     '3.1.13',
246 silly addNameRange     '3.1.14',
246 silly addNameRange     '3.1.15',
246 silly addNameRange     '3.1.16',
246 silly addNameRange     '3.1.17',
246 silly addNameRange     '3.1.18',
246 silly addNameRange     '3.1.19',
246 silly addNameRange     '3.1.20',
246 silly addNameRange     '3.1.21',
246 silly addNameRange     '3.2.0',
246 silly addNameRange     '3.2.1',
246 silly addNameRange     '3.2.3',
246 silly addNameRange     '3.2.4',
246 silly addNameRange     '3.2.5',
246 silly addNameRange     '3.2.6',
246 silly addNameRange     '3.2.7',
246 silly addNameRange     '3.2.8',
246 silly addNameRange     '3.2.9',
246 silly addNameRange     '3.2.10',
246 silly addNameRange     '3.2.11',
246 silly addNameRange     '4.0.0',
246 silly addNameRange     '4.0.1',
246 silly addNameRange     '4.0.2',
246 silly addNameRange     '4.0.3',
246 silly addNameRange     '4.0.4',
246 silly addNameRange     '4.0.5',
246 silly addNameRange     '4.0.6',
246 silly addNameRange     '4.1.2-beta',
246 silly addNameRange     '4.1.2',
246 silly addNameRange     '4.1.3',
246 silly addNameRange     '4.1.4',
246 silly addNameRange     '4.1.5',
246 silly addNameRange     '4.1.6',
246 silly addNameRange     '4.2.0',
246 silly addNameRange     '4.2.1',
246 silly addNameRange     '4.2.2',
246 silly addNameRange     '4.3.0',
246 silly addNameRange     '4.3.1',
246 silly addNameRange     '4.3.2',
246 silly addNameRange     '4.3.3',
246 silly addNameRange     '4.3.4',
246 silly addNameRange     '4.3.5',
246 silly addNameRange     '4.4.0',
246 silly addNameRange     '4.4.2',
246 silly addNameRange     '4.5.0',
246 silly addNameRange     '5.0.0',
246 silly addNameRange     '4.5.1',
246 silly addNameRange     '5.0.1',
246 silly addNameRange     '4.5.2',
246 silly addNameRange     '5.0.2',
246 silly addNameRange     '4.5.3',
246 silly addNameRange     '5.0.3',
246 silly addNameRange     '5.0.4',
246 silly addNameRange     '5.0.5',
246 silly addNameRange     '5.0.6',
246 silly addNameRange     '5.0.7',
246 silly addNameRange     '5.0.9',
246 silly addNameRange     '5.0.10',
246 silly addNameRange     '5.0.11',
246 silly addNameRange     '5.0.12',
246 silly addNameRange     '5.0.13',
246 silly addNameRange     '5.0.14',
246 silly addNameRange     '5.0.15',
246 silly addNameRange     '6.0.1',
246 silly addNameRange     '6.0.2',
246 silly addNameRange     '6.0.3',
246 silly addNameRange     '6.0.4',
246 silly addNameRange     '7.0.0',
246 silly addNameRange     '7.0.1',
246 silly addNameRange     '7.0.3',
246 silly addNameRange     '7.0.4',
246 silly addNameRange     '7.0.5',
246 silly addNameRange     '7.0.6',
246 silly addNameRange     '7.1.0',
246 silly addNameRange     '7.1.1' ] ]
247 silly addNamed glob@5.0.15
248 verbose addNamed "5.0.15" is a plain semver version for glob
249 silly cache afterAdd glob@5.0.15
250 verbose afterAdd /Users/Marliana/.npm/glob/5.0.15/package/package.json not in flight; writing
251 verbose correctMkdir /Users/Marliana/.npm correctMkdir not in flight; initializing
252 verbose afterAdd /Users/Marliana/.npm/glob/5.0.15/package/package.json written
253 silly fetchNamedPackageData inflight
254 silly mapToRegistry name inflight
255 silly mapToRegistry using default registry
256 silly mapToRegistry registry https://registry.npmjs.org/
257 silly mapToRegistry data Result {
257 silly mapToRegistry   raw: 'inflight',
257 silly mapToRegistry   scope: null,
257 silly mapToRegistry   escapedName: 'inflight',
257 silly mapToRegistry   name: 'inflight',
257 silly mapToRegistry   rawSpec: '',
257 silly mapToRegistry   spec: 'latest',
257 silly mapToRegistry   type: 'tag' }
258 silly mapToRegistry uri https://registry.npmjs.org/inflight
259 silly fetchNamedPackageData inherits
260 silly mapToRegistry name inherits
261 silly mapToRegistry using default registry
262 silly mapToRegistry registry https://registry.npmjs.org/
263 silly mapToRegistry data Result {
263 silly mapToRegistry   raw: 'inherits',
263 silly mapToRegistry   scope: null,
263 silly mapToRegistry   escapedName: 'inherits',
263 silly mapToRegistry   name: 'inherits',
263 silly mapToRegistry   rawSpec: '',
263 silly mapToRegistry   spec: 'latest',
263 silly mapToRegistry   type: 'tag' }
264 silly mapToRegistry uri https://registry.npmjs.org/inherits
265 silly fetchNamedPackageData minimatch
266 silly mapToRegistry name minimatch
267 silly mapToRegistry using default registry
268 silly mapToRegistry registry https://registry.npmjs.org/
269 silly mapToRegistry data Result {
269 silly mapToRegistry   raw: 'minimatch',
269 silly mapToRegistry   scope: null,
269 silly mapToRegistry   escapedName: 'minimatch',
269 silly mapToRegistry   name: 'minimatch',
269 silly mapToRegistry   rawSpec: '',
269 silly mapToRegistry   spec: 'latest',
269 silly mapToRegistry   type: 'tag' }
270 silly mapToRegistry uri https://registry.npmjs.org/minimatch
271 silly fetchNamedPackageData once
272 silly mapToRegistry name once
273 silly mapToRegistry using default registry
274 silly mapToRegistry registry https://registry.npmjs.org/
275 silly mapToRegistry data Result {
275 silly mapToRegistry   raw: 'once',
275 silly mapToRegistry   scope: null,
275 silly mapToRegistry   escapedName: 'once',
275 silly mapToRegistry   name: 'once',
275 silly mapToRegistry   rawSpec: '',
275 silly mapToRegistry   spec: 'latest',
275 silly mapToRegistry   type: 'tag' }
276 silly mapToRegistry uri https://registry.npmjs.org/once
277 silly fetchNamedPackageData path-is-absolute
278 silly mapToRegistry name path-is-absolute
279 silly mapToRegistry using default registry
280 silly mapToRegistry registry https://registry.npmjs.org/
281 silly mapToRegistry data Result {
281 silly mapToRegistry   raw: 'path-is-absolute',
281 silly mapToRegistry   scope: null,
281 silly mapToRegistry   escapedName: 'path-is-absolute',
281 silly mapToRegistry   name: 'path-is-absolute',
281 silly mapToRegistry   rawSpec: '',
281 silly mapToRegistry   spec: 'latest',
281 silly mapToRegistry   type: 'tag' }
282 silly mapToRegistry uri https://registry.npmjs.org/path-is-absolute
283 verbose request uri https://registry.npmjs.org/inflight
284 verbose request no auth needed
285 info attempt registry request try #1 at 4:15:23 PM
286 verbose etag "3KNNP0DU3NW97FU6Z6HE8AWZR"
287 http request GET https://registry.npmjs.org/inflight
288 verbose request uri https://registry.npmjs.org/inherits
289 verbose request no auth needed
290 info attempt registry request try #1 at 4:15:23 PM
291 verbose etag "4D1KVDQ4GHML6TIB7FGIIWNZ5"
292 http request GET https://registry.npmjs.org/inherits
293 verbose request uri https://registry.npmjs.org/minimatch
294 verbose request no auth needed
295 info attempt registry request try #1 at 4:15:23 PM
296 verbose etag "974JNSN0SRV8GQCWTF99CRSFX"
297 http request GET https://registry.npmjs.org/minimatch
298 verbose request uri https://registry.npmjs.org/once
299 verbose request no auth needed
300 info attempt registry request try #1 at 4:15:23 PM
301 verbose etag "2X3VDAIXDRKPN59CINEZD7G6Z"
302 http request GET https://registry.npmjs.org/once
303 verbose request uri https://registry.npmjs.org/path-is-absolute
304 verbose request no auth needed
305 info attempt registry request try #1 at 4:15:23 PM
306 verbose etag "50FTD5RP9P5TX5WMI50E2VNPU"
307 http request GET https://registry.npmjs.org/path-is-absolute
308 http 304 https://registry.npmjs.org/inflight
309 verbose headers { date: 'Fri, 14 Oct 2016 20:15:24 GMT',
309 verbose headers   via: '1.1 varnish',
309 verbose headers   'cache-control': 'max-age=300',
309 verbose headers   etag: '"3KNNP0DU3NW97FU6Z6HE8AWZR"',
309 verbose headers   age: '221',
309 verbose headers   connection: 'keep-alive',
309 verbose headers   'x-served-by': 'cache-iad2636-IAD',
309 verbose headers   'x-cache': 'HIT',
309 verbose headers   'x-cache-hits': '26',
309 verbose headers   'x-timer': 'S1476476124.509054,VS0,VE0',
309 verbose headers   vary: 'Accept-Encoding' }
310 silly get cb [ 304,
310 silly get   { date: 'Fri, 14 Oct 2016 20:15:24 GMT',
310 silly get     via: '1.1 varnish',
310 silly get     'cache-control': 'max-age=300',
310 silly get     etag: '"3KNNP0DU3NW97FU6Z6HE8AWZR"',
310 silly get     age: '221',
310 silly get     connection: 'keep-alive',
310 silly get     'x-served-by': 'cache-iad2636-IAD',
310 silly get     'x-cache': 'HIT',
310 silly get     'x-cache-hits': '26',
310 silly get     'x-timer': 'S1476476124.509054,VS0,VE0',
310 silly get     vary: 'Accept-Encoding' } ]
311 verbose etag https://registry.npmjs.org/inflight from cache
312 verbose get saving inflight to /Users/Marliana/.npm/registry.npmjs.org/inflight/.cache.json
313 verbose correctMkdir /Users/Marliana/.npm correctMkdir not in flight; initializing
314 http 304 https://registry.npmjs.org/inherits
315 verbose headers { date: 'Fri, 14 Oct 2016 20:15:24 GMT',
315 verbose headers   via: '1.1 varnish',
315 verbose headers   'cache-control': 'max-age=300',
315 verbose headers   etag: '"4D1KVDQ4GHML6TIB7FGIIWNZ5"',
315 verbose headers   age: '220',
315 verbose headers   connection: 'keep-alive',
315 verbose headers   'x-served-by': 'cache-iad2647-IAD',
315 verbose headers   'x-cache': 'HIT',
315 verbose headers   'x-cache-hits': '54',
315 verbose headers   'x-timer': 'S1476476124.508558,VS0,VE0',
315 verbose headers   vary: 'Accept-Encoding' }
316 silly get cb [ 304,
316 silly get   { date: 'Fri, 14 Oct 2016 20:15:24 GMT',
316 silly get     via: '1.1 varnish',
316 silly get     'cache-control': 'max-age=300',
316 silly get     etag: '"4D1KVDQ4GHML6TIB7FGIIWNZ5"',
316 silly get     age: '220',
316 silly get     connection: 'keep-alive',
316 silly get     'x-served-by': 'cache-iad2647-IAD',
316 silly get     'x-cache': 'HIT',
316 silly get     'x-cache-hits': '54',
316 silly get     'x-timer': 'S1476476124.508558,VS0,VE0',
316 silly get     vary: 'Accept-Encoding' } ]
317 verbose etag https://registry.npmjs.org/inherits from cache
318 verbose get saving inherits to /Users/Marliana/.npm/registry.npmjs.org/inherits/.cache.json
319 verbose correctMkdir /Users/Marliana/.npm correctMkdir not in flight; initializing
320 http 304 https://registry.npmjs.org/minimatch
321 verbose headers { date: 'Fri, 14 Oct 2016 20:15:24 GMT',
321 verbose headers   via: '1.1 varnish',
321 verbose headers   'cache-control': 'max-age=300',
321 verbose headers   etag: '"974JNSN0SRV8GQCWTF99CRSFX"',
321 verbose headers   age: '23',
321 verbose headers   connection: 'keep-alive',
321 verbose headers   'x-served-by': 'cache-iad2148-IAD',
321 verbose headers   'x-cache': 'HIT',
321 verbose headers   'x-cache-hits': '2',
321 verbose headers   'x-timer': 'S1476476124.507963,VS0,VE0',
321 verbose headers   vary: 'Accept-Encoding' }
322 silly get cb [ 304,
322 silly get   { date: 'Fri, 14 Oct 2016 20:15:24 GMT',
322 silly get     via: '1.1 varnish',
322 silly get     'cache-control': 'max-age=300',
322 silly get     etag: '"974JNSN0SRV8GQCWTF99CRSFX"',
322 silly get     age: '23',
322 silly get     connection: 'keep-alive',
322 silly get     'x-served-by': 'cache-iad2148-IAD',
322 silly get     'x-cache': 'HIT',
322 silly get     'x-cache-hits': '2',
322 silly get     'x-timer': 'S1476476124.507963,VS0,VE0',
322 silly get     vary: 'Accept-Encoding' } ]
323 verbose etag https://registry.npmjs.org/minimatch from cache
324 verbose get saving minimatch to /Users/Marliana/.npm/registry.npmjs.org/minimatch/.cache.json
325 verbose correctMkdir /Users/Marliana/.npm correctMkdir not in flight; initializing
326 http 304 https://registry.npmjs.org/once
327 verbose headers { date: 'Fri, 14 Oct 2016 20:15:24 GMT',
327 verbose headers   via: '1.1 varnish',
327 verbose headers   'cache-control': 'max-age=300',
327 verbose headers   etag: '"2X3VDAIXDRKPN59CINEZD7G6Z"',
327 verbose headers   age: '228',
327 verbose headers   connection: 'keep-alive',
327 verbose headers   'x-served-by': 'cache-iad2140-IAD',
327 verbose headers   'x-cache': 'HIT',
327 verbose headers   'x-cache-hits': '44',
327 verbose headers   'x-timer': 'S1476476124.507487,VS0,VE0',
327 verbose headers   vary: 'Accept-Encoding' }
328 silly get cb [ 304,
328 silly get   { date: 'Fri, 14 Oct 2016 20:15:24 GMT',
328 silly get     via: '1.1 varnish',
328 silly get     'cache-control': 'max-age=300',
328 silly get     etag: '"2X3VDAIXDRKPN59CINEZD7G6Z"',
328 silly get     age: '228',
328 silly get     connection: 'keep-alive',
328 silly get     'x-served-by': 'cache-iad2140-IAD',
328 silly get     'x-cache': 'HIT',
328 silly get     'x-cache-hits': '44',
328 silly get     'x-timer': 'S1476476124.507487,VS0,VE0',
328 silly get     vary: 'Accept-Encoding' } ]
329 verbose etag https://registry.npmjs.org/once from cache
330 verbose get saving once to /Users/Marliana/.npm/registry.npmjs.org/once/.cache.json
331 verbose correctMkdir /Users/Marliana/.npm correctMkdir not in flight; initializing
332 silly resolveWithNewModule inherits@2.0.3 checking installable status
333 silly cache add args [ 'inherits@2', null ]
334 verbose cache add spec inherits@2
335 silly cache add parsed spec Result {
335 silly cache add   raw: 'inherits@2',
335 silly cache add   scope: null,
335 silly cache add   escapedName: 'inherits',
335 silly cache add   name: 'inherits',
335 silly cache add   rawSpec: '2',
335 silly cache add   spec: '>=2.0.0 <3.0.0',
335 silly cache add   type: 'range' }
336 silly addNamed inherits@>=2.0.0 <3.0.0
337 verbose addNamed ">=2.0.0 <3.0.0" is a valid semver range for inherits
338 silly addNameRange { name: 'inherits', range: '>=2.0.0 <3.0.0', hasData: false }
339 silly mapToRegistry name inherits
340 silly mapToRegistry using default registry
341 silly mapToRegistry registry https://registry.npmjs.org/
342 silly mapToRegistry data Result {
342 silly mapToRegistry   raw: 'inherits',
342 silly mapToRegistry   scope: null,
342 silly mapToRegistry   escapedName: 'inherits',
342 silly mapToRegistry   name: 'inherits',
342 silly mapToRegistry   rawSpec: '',
342 silly mapToRegistry   spec: 'latest',
342 silly mapToRegistry   type: 'tag' }
343 silly mapToRegistry uri https://registry.npmjs.org/inherits
344 verbose addNameRange registry:https://registry.npmjs.org/inherits not in flight; fetching
345 silly resolveWithNewModule inflight@1.0.6 checking installable status
346 silly cache add args [ 'inflight@^1.0.4', null ]
347 verbose cache add spec inflight@^1.0.4
348 silly cache add parsed spec Result {
348 silly cache add   raw: 'inflight@^1.0.4',
348 silly cache add   scope: null,
348 silly cache add   escapedName: 'inflight',
348 silly cache add   name: 'inflight',
348 silly cache add   rawSpec: '^1.0.4',
348 silly cache add   spec: '>=1.0.4 <2.0.0',
348 silly cache add   type: 'range' }
349 silly addNamed inflight@>=1.0.4 <2.0.0
350 verbose addNamed ">=1.0.4 <2.0.0" is a valid semver range for inflight
351 silly addNameRange { name: 'inflight', range: '>=1.0.4 <2.0.0', hasData: false }
352 silly mapToRegistry name inflight
353 silly mapToRegistry using default registry
354 silly mapToRegistry registry https://registry.npmjs.org/
355 silly mapToRegistry data Result {
355 silly mapToRegistry   raw: 'inflight',
355 silly mapToRegistry   scope: null,
355 silly mapToRegistry   escapedName: 'inflight',
355 silly mapToRegistry   name: 'inflight',
355 silly mapToRegistry   rawSpec: '',
355 silly mapToRegistry   spec: 'latest',
355 silly mapToRegistry   type: 'tag' }
356 silly mapToRegistry uri https://registry.npmjs.org/inflight
357 verbose addNameRange registry:https://registry.npmjs.org/inflight not in flight; fetching
358 silly resolveWithNewModule minimatch@3.0.3 checking installable status
359 silly cache add args [ 'minimatch@2 || 3', null ]
360 verbose cache add spec minimatch@2 || 3
361 silly cache add parsed spec Result {
361 silly cache add   raw: 'minimatch@2 || 3',
361 silly cache add   scope: null,
361 silly cache add   escapedName: 'minimatch',
361 silly cache add   name: 'minimatch',
361 silly cache add   rawSpec: '2 || 3',
361 silly cache add   spec: '>=2.0.0 <3.0.0||>=3.0.0 <4.0.0',
361 silly cache add   type: 'range' }
362 silly addNamed minimatch@>=2.0.0 <3.0.0||>=3.0.0 <4.0.0
363 verbose addNamed ">=2.0.0 <3.0.0||>=3.0.0 <4.0.0" is a valid semver range for minimatch
364 silly addNameRange { name: 'minimatch',
364 silly addNameRange   range: '>=2.0.0 <3.0.0||>=3.0.0 <4.0.0',
364 silly addNameRange   hasData: false }
365 silly mapToRegistry name minimatch
366 silly mapToRegistry using default registry
367 silly mapToRegistry registry https://registry.npmjs.org/
368 silly mapToRegistry data Result {
368 silly mapToRegistry   raw: 'minimatch',
368 silly mapToRegistry   scope: null,
368 silly mapToRegistry   escapedName: 'minimatch',
368 silly mapToRegistry   name: 'minimatch',
368 silly mapToRegistry   rawSpec: '',
368 silly mapToRegistry   spec: 'latest',
368 silly mapToRegistry   type: 'tag' }
369 silly mapToRegistry uri https://registry.npmjs.org/minimatch
370 verbose addNameRange registry:https://registry.npmjs.org/minimatch not in flight; fetching
371 silly resolveWithNewModule once@1.4.0 checking installable status
372 silly cache add args [ 'once@^1.3.0', null ]
373 verbose cache add spec once@^1.3.0
374 silly cache add parsed spec Result {
374 silly cache add   raw: 'once@^1.3.0',
374 silly cache add   scope: null,
374 silly cache add   escapedName: 'once',
374 silly cache add   name: 'once',
374 silly cache add   rawSpec: '^1.3.0',
374 silly cache add   spec: '>=1.3.0 <2.0.0',
374 silly cache add   type: 'range' }
375 silly addNamed once@>=1.3.0 <2.0.0
376 verbose addNamed ">=1.3.0 <2.0.0" is a valid semver range for once
377 silly addNameRange { name: 'once', range: '>=1.3.0 <2.0.0', hasData: false }
378 silly mapToRegistry name once
379 silly mapToRegistry using default registry
380 silly mapToRegistry registry https://registry.npmjs.org/
381 silly mapToRegistry data Result {
381 silly mapToRegistry   raw: 'once',
381 silly mapToRegistry   scope: null,
381 silly mapToRegistry   escapedName: 'once',
381 silly mapToRegistry   name: 'once',
381 silly mapToRegistry   rawSpec: '',
381 silly mapToRegistry   spec: 'latest',
381 silly mapToRegistry   type: 'tag' }
382 silly mapToRegistry uri https://registry.npmjs.org/once
383 verbose addNameRange registry:https://registry.npmjs.org/once not in flight; fetching
384 verbose get https://registry.npmjs.org/inherits not expired, no request
385 silly addNameRange number 2 { name: 'inherits', range: '>=2.0.0 <3.0.0', hasData: true }
386 silly addNameRange versions [ 'inherits',
386 silly addNameRange   [ '1.0.0', '2.0.0', '2.0.1', '1.0.1', '1.0.2', '2.0.3' ] ]
387 silly addNamed inherits@2.0.3
388 verbose addNamed "2.0.3" is a plain semver version for inherits
389 verbose get https://registry.npmjs.org/inflight not expired, no request
390 silly addNameRange number 2 { name: 'inflight', range: '>=1.0.4 <2.0.0', hasData: true }
391 silly addNameRange versions [ 'inflight',
391 silly addNameRange   [ '1.0.0', '1.0.1', '1.0.2', '1.0.3', '1.0.4', '1.0.5', '1.0.6' ] ]
392 silly addNamed inflight@1.0.6
393 verbose addNamed "1.0.6" is a plain semver version for inflight
394 verbose get https://registry.npmjs.org/once not expired, no request
395 silly addNameRange number 2 { name: 'once', range: '>=1.3.0 <2.0.0', hasData: true }
396 silly addNameRange versions [ 'once',
396 silly addNameRange   [ '1.1.1', '1.2.0', '1.3.0', '1.3.1', '1.3.2', '1.3.3', '1.4.0' ] ]
397 silly addNamed once@1.4.0
398 verbose addNamed "1.4.0" is a plain semver version for once
399 verbose get https://registry.npmjs.org/minimatch not expired, no request
400 silly addNameRange number 2 { name: 'minimatch',
400 silly addNameRange   range: '>=2.0.0 <3.0.0||>=3.0.0 <4.0.0',
400 silly addNameRange   hasData: true }
401 silly addNameRange versions [ 'minimatch',
401 silly addNameRange   [ '0.0.1',
401 silly addNameRange     '0.0.2',
401 silly addNameRange     '0.0.4',
401 silly addNameRange     '0.0.5',
401 silly addNameRange     '0.1.1',
401 silly addNameRange     '0.1.2',
401 silly addNameRange     '0.1.3',
401 silly addNameRange     '0.1.4',
401 silly addNameRange     '0.1.5',
401 silly addNameRange     '0.2.0',
401 silly addNameRange     '0.2.2',
401 silly addNameRange     '0.2.3',
401 silly addNameRange     '0.2.4',
401 silly addNameRange     '0.2.5',
401 silly addNameRange     '0.2.6',
401 silly addNameRange     '0.2.7',
401 silly addNameRange     '0.2.8',
401 silly addNameRange     '0.2.9',
401 silly addNameRange     '0.2.10',
401 silly addNameRange     '0.2.11',
401 silly addNameRange     '0.2.12',
401 silly addNameRange     '0.2.13',
401 silly addNameRange     '0.2.14',
401 silly addNameRange     '0.3.0',
401 silly addNameRange     '0.4.0',
401 silly addNameRange     '1.0.0',
401 silly addNameRange     '2.0.0',
401 silly addNameRange     '2.0.1',
401 silly addNameRange     '2.0.2',
401 silly addNameRange     '2.0.3',
401 silly addNameRange     '2.0.4',
401 silly addNameRange     '2.0.5',
401 silly addNameRange     '2.0.6',
401 silly addNameRange     '2.0.7',
401 silly addNameRange     '2.0.8',
401 silly addNameRange     '2.0.9',
401 silly addNameRange     '2.0.10',
401 silly addNameRange     '3.0.0',
401 silly addNameRange     '3.0.2',
401 silly addNameRange     '3.0.3' ] ]
402 silly addNamed minimatch@3.0.3
403 verbose addNamed "3.0.3" is a plain semver version for minimatch
404 silly cache afterAdd inherits@2.0.3
405 verbose afterAdd /Users/Marliana/.npm/inherits/2.0.3/package/package.json not in flight; writing
406 verbose correctMkdir /Users/Marliana/.npm correctMkdir not in flight; initializing
407 silly cache afterAdd minimatch@3.0.3
408 verbose afterAdd /Users/Marliana/.npm/minimatch/3.0.3/package/package.json not in flight; writing
409 verbose correctMkdir /Users/Marliana/.npm correctMkdir not in flight; initializing
410 silly cache afterAdd once@1.4.0
411 verbose afterAdd /Users/Marliana/.npm/once/1.4.0/package/package.json not in flight; writing
412 verbose correctMkdir /Users/Marliana/.npm correctMkdir not in flight; initializing
413 silly cache afterAdd inflight@1.0.6
414 verbose afterAdd /Users/Marliana/.npm/inflight/1.0.6/package/package.json not in flight; writing
415 verbose correctMkdir /Users/Marliana/.npm correctMkdir not in flight; initializing
416 http 304 https://registry.npmjs.org/path-is-absolute
417 verbose headers { date: 'Fri, 14 Oct 2016 20:15:24 GMT',
417 verbose headers   via: '1.1 varnish',
417 verbose headers   'cache-control': 'max-age=300',
417 verbose headers   etag: '"50FTD5RP9P5TX5WMI50E2VNPU"',
417 verbose headers   age: '293',
417 verbose headers   connection: 'keep-alive',
417 verbose headers   'x-served-by': 'cache-iad2122-IAD',
417 verbose headers   'x-cache': 'HIT',
417 verbose headers   'x-cache-hits': '47',
417 verbose headers   'x-timer': 'S1476476124.537473,VS0,VE0',
417 verbose headers   vary: 'Accept-Encoding' }
418 silly get cb [ 304,
418 silly get   { date: 'Fri, 14 Oct 2016 20:15:24 GMT',
418 silly get     via: '1.1 varnish',
418 silly get     'cache-control': 'max-age=300',
418 silly get     etag: '"50FTD5RP9P5TX5WMI50E2VNPU"',
418 silly get     age: '293',
418 silly get     connection: 'keep-alive',
418 silly get     'x-served-by': 'cache-iad2122-IAD',
418 silly get     'x-cache': 'HIT',
418 silly get     'x-cache-hits': '47',
418 silly get     'x-timer': 'S1476476124.537473,VS0,VE0',
418 silly get     vary: 'Accept-Encoding' } ]
419 verbose etag https://registry.npmjs.org/path-is-absolute from cache
420 verbose get saving path-is-absolute to /Users/Marliana/.npm/registry.npmjs.org/path-is-absolute/.cache.json
421 verbose correctMkdir /Users/Marliana/.npm correctMkdir not in flight; initializing
422 verbose afterAdd /Users/Marliana/.npm/inherits/2.0.3/package/package.json written
423 verbose afterAdd /Users/Marliana/.npm/once/1.4.0/package/package.json written
424 verbose afterAdd /Users/Marliana/.npm/minimatch/3.0.3/package/package.json written
425 verbose afterAdd /Users/Marliana/.npm/inflight/1.0.6/package/package.json written
426 silly resolveWithNewModule path-is-absolute@1.0.1 checking installable status
427 silly cache add args [ 'path-is-absolute@^1.0.0', null ]
428 verbose cache add spec path-is-absolute@^1.0.0
429 silly cache add parsed spec Result {
429 silly cache add   raw: 'path-is-absolute@^1.0.0',
429 silly cache add   scope: null,
429 silly cache add   escapedName: 'path-is-absolute',
429 silly cache add   name: 'path-is-absolute',
429 silly cache add   rawSpec: '^1.0.0',
429 silly cache add   spec: '>=1.0.0 <2.0.0',
429 silly cache add   type: 'range' }
430 silly addNamed path-is-absolute@>=1.0.0 <2.0.0
431 verbose addNamed ">=1.0.0 <2.0.0" is a valid semver range for path-is-absolute
432 silly addNameRange { name: 'path-is-absolute',
432 silly addNameRange   range: '>=1.0.0 <2.0.0',
432 silly addNameRange   hasData: false }
433 silly mapToRegistry name path-is-absolute
434 silly mapToRegistry using default registry
435 silly mapToRegistry registry https://registry.npmjs.org/
436 silly mapToRegistry data Result {
436 silly mapToRegistry   raw: 'path-is-absolute',
436 silly mapToRegistry   scope: null,
436 silly mapToRegistry   escapedName: 'path-is-absolute',
436 silly mapToRegistry   name: 'path-is-absolute',
436 silly mapToRegistry   rawSpec: '',
436 silly mapToRegistry   spec: 'latest',
436 silly mapToRegistry   type: 'tag' }
437 silly mapToRegistry uri https://registry.npmjs.org/path-is-absolute
438 verbose addNameRange registry:https://registry.npmjs.org/path-is-absolute not in flight; fetching
439 verbose get https://registry.npmjs.org/path-is-absolute not expired, no request
440 silly addNameRange number 2 { name: 'path-is-absolute',
440 silly addNameRange   range: '>=1.0.0 <2.0.0',
440 silly addNameRange   hasData: true }
441 silly addNameRange versions [ 'path-is-absolute', [ '1.0.0', '1.0.1' ] ]
442 silly addNamed path-is-absolute@1.0.1
443 verbose addNamed "1.0.1" is a plain semver version for path-is-absolute
444 silly cache afterAdd path-is-absolute@1.0.1
445 verbose afterAdd /Users/Marliana/.npm/path-is-absolute/1.0.1/package/package.json not in flight; writing
446 verbose correctMkdir /Users/Marliana/.npm correctMkdir not in flight; initializing
447 verbose afterAdd /Users/Marliana/.npm/path-is-absolute/1.0.1/package/package.json written
448 silly fetchNamedPackageData wrappy
449 silly mapToRegistry name wrappy
450 silly mapToRegistry using default registry
451 silly mapToRegistry registry https://registry.npmjs.org/
452 silly mapToRegistry data Result {
452 silly mapToRegistry   raw: 'wrappy',
452 silly mapToRegistry   scope: null,
452 silly mapToRegistry   escapedName: 'wrappy',
452 silly mapToRegistry   name: 'wrappy',
452 silly mapToRegistry   rawSpec: '',
452 silly mapToRegistry   spec: 'latest',
452 silly mapToRegistry   type: 'tag' }
453 silly mapToRegistry uri https://registry.npmjs.org/wrappy
454 verbose request uri https://registry.npmjs.org/wrappy
455 verbose request no auth needed
456 info attempt registry request try #1 at 4:15:23 PM
457 verbose etag "4YHCBF4EFQV6QOW21NQ6F7ATC"
458 http request GET https://registry.npmjs.org/wrappy
459 http 304 https://registry.npmjs.org/wrappy
460 verbose headers { date: 'Fri, 14 Oct 2016 20:15:24 GMT',
460 verbose headers   via: '1.1 varnish',
460 verbose headers   'cache-control': 'max-age=300',
460 verbose headers   etag: '"4YHCBF4EFQV6QOW21NQ6F7ATC"',
460 verbose headers   age: '161',
460 verbose headers   connection: 'keep-alive',
460 verbose headers   'x-served-by': 'cache-iad2636-IAD',
460 verbose headers   'x-cache': 'HIT',
460 verbose headers   'x-cache-hits': '22',
460 verbose headers   'x-timer': 'S1476476124.570835,VS0,VE0',
460 verbose headers   vary: 'Accept-Encoding' }
461 silly get cb [ 304,
461 silly get   { date: 'Fri, 14 Oct 2016 20:15:24 GMT',
461 silly get     via: '1.1 varnish',
461 silly get     'cache-control': 'max-age=300',
461 silly get     etag: '"4YHCBF4EFQV6QOW21NQ6F7ATC"',
461 silly get     age: '161',
461 silly get     connection: 'keep-alive',
461 silly get     'x-served-by': 'cache-iad2636-IAD',
461 silly get     'x-cache': 'HIT',
461 silly get     'x-cache-hits': '22',
461 silly get     'x-timer': 'S1476476124.570835,VS0,VE0',
461 silly get     vary: 'Accept-Encoding' } ]
462 verbose etag https://registry.npmjs.org/wrappy from cache
463 verbose get saving wrappy to /Users/Marliana/.npm/registry.npmjs.org/wrappy/.cache.json
464 verbose correctMkdir /Users/Marliana/.npm correctMkdir not in flight; initializing
465 silly resolveWithNewModule wrappy@1.0.2 checking installable status
466 silly cache add args [ 'wrappy@1', null ]
467 verbose cache add spec wrappy@1
468 silly cache add parsed spec Result {
468 silly cache add   raw: 'wrappy@1',
468 silly cache add   scope: null,
468 silly cache add   escapedName: 'wrappy',
468 silly cache add   name: 'wrappy',
468 silly cache add   rawSpec: '1',
468 silly cache add   spec: '>=1.0.0 <2.0.0',
468 silly cache add   type: 'range' }
469 silly addNamed wrappy@>=1.0.0 <2.0.0
470 verbose addNamed ">=1.0.0 <2.0.0" is a valid semver range for wrappy
471 silly addNameRange { name: 'wrappy', range: '>=1.0.0 <2.0.0', hasData: false }
472 silly mapToRegistry name wrappy
473 silly mapToRegistry using default registry
474 silly mapToRegistry registry https://registry.npmjs.org/
475 silly mapToRegistry data Result {
475 silly mapToRegistry   raw: 'wrappy',
475 silly mapToRegistry   scope: null,
475 silly mapToRegistry   escapedName: 'wrappy',
475 silly mapToRegistry   name: 'wrappy',
475 silly mapToRegistry   rawSpec: '',
475 silly mapToRegistry   spec: 'latest',
475 silly mapToRegistry   type: 'tag' }
476 silly mapToRegistry uri https://registry.npmjs.org/wrappy
477 verbose addNameRange registry:https://registry.npmjs.org/wrappy not in flight; fetching
478 verbose get https://registry.npmjs.org/wrappy not expired, no request
479 silly addNameRange number 2 { name: 'wrappy', range: '>=1.0.0 <2.0.0', hasData: true }
480 silly addNameRange versions [ 'wrappy', [ '1.0.0', '1.0.1', '1.0.2' ] ]
481 silly addNamed wrappy@1.0.2
482 verbose addNamed "1.0.2" is a plain semver version for wrappy
483 silly cache afterAdd wrappy@1.0.2
484 verbose afterAdd /Users/Marliana/.npm/wrappy/1.0.2/package/package.json not in flight; writing
485 verbose correctMkdir /Users/Marliana/.npm correctMkdir not in flight; initializing
486 verbose afterAdd /Users/Marliana/.npm/wrappy/1.0.2/package/package.json written
487 silly fetchNamedPackageData brace-expansion
488 silly mapToRegistry name brace-expansion
489 silly mapToRegistry using default registry
490 silly mapToRegistry registry https://registry.npmjs.org/
491 silly mapToRegistry data Result {
491 silly mapToRegistry   raw: 'brace-expansion',
491 silly mapToRegistry   scope: null,
491 silly mapToRegistry   escapedName: 'brace-expansion',
491 silly mapToRegistry   name: 'brace-expansion',
491 silly mapToRegistry   rawSpec: '',
491 silly mapToRegistry   spec: 'latest',
491 silly mapToRegistry   type: 'tag' }
492 silly mapToRegistry uri https://registry.npmjs.org/brace-expansion
493 verbose request uri https://registry.npmjs.org/brace-expansion
494 verbose request no auth needed
495 info attempt registry request try #1 at 4:15:23 PM
496 verbose etag "3699T8MMHGC0BN3ABJRKLHJ4W"
497 http request GET https://registry.npmjs.org/brace-expansion
498 http 304 https://registry.npmjs.org/brace-expansion
499 verbose headers { date: 'Fri, 14 Oct 2016 20:15:24 GMT',
499 verbose headers   via: '1.1 varnish',
499 verbose headers   'cache-control': 'max-age=300',
499 verbose headers   etag: '"3699T8MMHGC0BN3ABJRKLHJ4W"',
499 verbose headers   age: '19',
499 verbose headers   connection: 'keep-alive',
499 verbose headers   'x-served-by': 'cache-iad2647-IAD',
499 verbose headers   'x-cache': 'HIT',
499 verbose headers   'x-cache-hits': '4',
499 verbose headers   'x-timer': 'S1476476124.600844,VS0,VE0',
499 verbose headers   vary: 'Accept-Encoding' }
500 silly get cb [ 304,
500 silly get   { date: 'Fri, 14 Oct 2016 20:15:24 GMT',
500 silly get     via: '1.1 varnish',
500 silly get     'cache-control': 'max-age=300',
500 silly get     etag: '"3699T8MMHGC0BN3ABJRKLHJ4W"',
500 silly get     age: '19',
500 silly get     connection: 'keep-alive',
500 silly get     'x-served-by': 'cache-iad2647-IAD',
500 silly get     'x-cache': 'HIT',
500 silly get     'x-cache-hits': '4',
500 silly get     'x-timer': 'S1476476124.600844,VS0,VE0',
500 silly get     vary: 'Accept-Encoding' } ]
501 verbose etag https://registry.npmjs.org/brace-expansion from cache
502 verbose get saving brace-expansion to /Users/Marliana/.npm/registry.npmjs.org/brace-expansion/.cache.json
503 verbose correctMkdir /Users/Marliana/.npm correctMkdir not in flight; initializing
504 silly resolveWithNewModule brace-expansion@1.1.6 checking installable status
505 silly cache add args [ 'brace-expansion@^1.0.0', null ]
506 verbose cache add spec brace-expansion@^1.0.0
507 silly cache add parsed spec Result {
507 silly cache add   raw: 'brace-expansion@^1.0.0',
507 silly cache add   scope: null,
507 silly cache add   escapedName: 'brace-expansion',
507 silly cache add   name: 'brace-expansion',
507 silly cache add   rawSpec: '^1.0.0',
507 silly cache add   spec: '>=1.0.0 <2.0.0',
507 silly cache add   type: 'range' }
508 silly addNamed brace-expansion@>=1.0.0 <2.0.0
509 verbose addNamed ">=1.0.0 <2.0.0" is a valid semver range for brace-expansion
510 silly addNameRange { name: 'brace-expansion',
510 silly addNameRange   range: '>=1.0.0 <2.0.0',
510 silly addNameRange   hasData: false }
511 silly mapToRegistry name brace-expansion
512 silly mapToRegistry using default registry
513 silly mapToRegistry registry https://registry.npmjs.org/
514 silly mapToRegistry data Result {
514 silly mapToRegistry   raw: 'brace-expansion',
514 silly mapToRegistry   scope: null,
514 silly mapToRegistry   escapedName: 'brace-expansion',
514 silly mapToRegistry   name: 'brace-expansion',
514 silly mapToRegistry   rawSpec: '',
514 silly mapToRegistry   spec: 'latest',
514 silly mapToRegistry   type: 'tag' }
515 silly mapToRegistry uri https://registry.npmjs.org/brace-expansion
516 verbose addNameRange registry:https://registry.npmjs.org/brace-expansion not in flight; fetching
517 verbose get https://registry.npmjs.org/brace-expansion not expired, no request
518 silly addNameRange number 2 { name: 'brace-expansion',
518 silly addNameRange   range: '>=1.0.0 <2.0.0',
518 silly addNameRange   hasData: true }
519 silly addNameRange versions [ 'brace-expansion',
519 silly addNameRange   [ '0.0.0',
519 silly addNameRange     '1.0.0',
519 silly addNameRange     '1.0.1',
519 silly addNameRange     '1.1.0',
519 silly addNameRange     '1.1.1',
519 silly addNameRange     '1.1.2',
519 silly addNameRange     '1.1.3',
519 silly addNameRange     '1.1.4',
519 silly addNameRange     '1.1.5',
519 silly addNameRange     '1.1.6' ] ]
520 silly addNamed brace-expansion@1.1.6
521 verbose addNamed "1.1.6" is a plain semver version for brace-expansion
522 silly cache afterAdd brace-expansion@1.1.6
523 verbose afterAdd /Users/Marliana/.npm/brace-expansion/1.1.6/package/package.json not in flight; writing
524 verbose correctMkdir /Users/Marliana/.npm correctMkdir not in flight; initializing
525 verbose afterAdd /Users/Marliana/.npm/brace-expansion/1.1.6/package/package.json written
526 silly fetchNamedPackageData balanced-match
527 silly mapToRegistry name balanced-match
528 silly mapToRegistry using default registry
529 silly mapToRegistry registry https://registry.npmjs.org/
530 silly mapToRegistry data Result {
530 silly mapToRegistry   raw: 'balanced-match',
530 silly mapToRegistry   scope: null,
530 silly mapToRegistry   escapedName: 'balanced-match',
530 silly mapToRegistry   name: 'balanced-match',
530 silly mapToRegistry   rawSpec: '',
530 silly mapToRegistry   spec: 'latest',
530 silly mapToRegistry   type: 'tag' }
531 silly mapToRegistry uri https://registry.npmjs.org/balanced-match
532 silly fetchNamedPackageData concat-map
533 silly mapToRegistry name concat-map
534 silly mapToRegistry using default registry
535 silly mapToRegistry registry https://registry.npmjs.org/
536 silly mapToRegistry data Result {
536 silly mapToRegistry   raw: 'concat-map',
536 silly mapToRegistry   scope: null,
536 silly mapToRegistry   escapedName: 'concat-map',
536 silly mapToRegistry   name: 'concat-map',
536 silly mapToRegistry   rawSpec: '',
536 silly mapToRegistry   spec: 'latest',
536 silly mapToRegistry   type: 'tag' }
537 silly mapToRegistry uri https://registry.npmjs.org/concat-map
538 verbose request uri https://registry.npmjs.org/concat-map
539 verbose request no auth needed
540 info attempt registry request try #1 at 4:15:24 PM
541 verbose etag "66LI2B4AH1989LYDFSL4P944A"
542 http request GET https://registry.npmjs.org/concat-map
543 verbose request uri https://registry.npmjs.org/balanced-match
544 verbose request no auth needed
545 info attempt registry request try #1 at 4:15:24 PM
546 verbose etag "F15USL4EKTBR2S3SNHJ3NM0EX"
547 http request GET https://registry.npmjs.org/balanced-match
548 http 304 https://registry.npmjs.org/concat-map
549 verbose headers { date: 'Fri, 14 Oct 2016 20:15:24 GMT',
549 verbose headers   via: '1.1 varnish',
549 verbose headers   'cache-control': 'max-age=300',
549 verbose headers   etag: '"66LI2B4AH1989LYDFSL4P944A"',
549 verbose headers   age: '174',
549 verbose headers   connection: 'keep-alive',
549 verbose headers   'x-served-by': 'cache-iad2148-IAD',
549 verbose headers   'x-cache': 'HIT',
549 verbose headers   'x-cache-hits': '29',
549 verbose headers   'x-timer': 'S1476476124.628674,VS0,VE0',
549 verbose headers   vary: 'Accept-Encoding' }
550 silly get cb [ 304,
550 silly get   { date: 'Fri, 14 Oct 2016 20:15:24 GMT',
550 silly get     via: '1.1 varnish',
550 silly get     'cache-control': 'max-age=300',
550 silly get     etag: '"66LI2B4AH1989LYDFSL4P944A"',
550 silly get     age: '174',
550 silly get     connection: 'keep-alive',
550 silly get     'x-served-by': 'cache-iad2148-IAD',
550 silly get     'x-cache': 'HIT',
550 silly get     'x-cache-hits': '29',
550 silly get     'x-timer': 'S1476476124.628674,VS0,VE0',
550 silly get     vary: 'Accept-Encoding' } ]
551 verbose etag https://registry.npmjs.org/concat-map from cache
552 verbose get saving concat-map to /Users/Marliana/.npm/registry.npmjs.org/concat-map/.cache.json
553 verbose correctMkdir /Users/Marliana/.npm correctMkdir not in flight; initializing
554 http 304 https://registry.npmjs.org/balanced-match
555 verbose headers { date: 'Fri, 14 Oct 2016 20:15:24 GMT',
555 verbose headers   via: '1.1 varnish',
555 verbose headers   'cache-control': 'max-age=300',
555 verbose headers   etag: '"F15USL4EKTBR2S3SNHJ3NM0EX"',
555 verbose headers   age: '81',
555 verbose headers   connection: 'keep-alive',
555 verbose headers   'x-served-by': 'cache-iad2140-IAD',
555 verbose headers   'x-cache': 'HIT',
555 verbose headers   'x-cache-hits': '8',
555 verbose headers   'x-timer': 'S1476476124.626189,VS0,VE0',
555 verbose headers   vary: 'Accept-Encoding' }
556 silly get cb [ 304,
556 silly get   { date: 'Fri, 14 Oct 2016 20:15:24 GMT',
556 silly get     via: '1.1 varnish',
556 silly get     'cache-control': 'max-age=300',
556 silly get     etag: '"F15USL4EKTBR2S3SNHJ3NM0EX"',
556 silly get     age: '81',
556 silly get     connection: 'keep-alive',
556 silly get     'x-served-by': 'cache-iad2140-IAD',
556 silly get     'x-cache': 'HIT',
556 silly get     'x-cache-hits': '8',
556 silly get     'x-timer': 'S1476476124.626189,VS0,VE0',
556 silly get     vary: 'Accept-Encoding' } ]
557 verbose etag https://registry.npmjs.org/balanced-match from cache
558 verbose get saving balanced-match to /Users/Marliana/.npm/registry.npmjs.org/balanced-match/.cache.json
559 verbose correctMkdir /Users/Marliana/.npm correctMkdir not in flight; initializing
560 silly resolveWithNewModule concat-map@0.0.1 checking installable status
561 silly cache add args [ 'concat-map@0.0.1', null ]
562 verbose cache add spec concat-map@0.0.1
563 silly cache add parsed spec Result {
563 silly cache add   raw: 'concat-map@0.0.1',
563 silly cache add   scope: null,
563 silly cache add   escapedName: 'concat-map',
563 silly cache add   name: 'concat-map',
563 silly cache add   rawSpec: '0.0.1',
563 silly cache add   spec: '0.0.1',
563 silly cache add   type: 'version' }
564 silly addNamed concat-map@0.0.1
565 verbose addNamed "0.0.1" is a plain semver version for concat-map
566 silly mapToRegistry name concat-map
567 silly mapToRegistry using default registry
568 silly mapToRegistry registry https://registry.npmjs.org/
569 silly mapToRegistry data Result {
569 silly mapToRegistry   raw: 'concat-map',
569 silly mapToRegistry   scope: null,
569 silly mapToRegistry   escapedName: 'concat-map',
569 silly mapToRegistry   name: 'concat-map',
569 silly mapToRegistry   rawSpec: '',
569 silly mapToRegistry   spec: 'latest',
569 silly mapToRegistry   type: 'tag' }
570 silly mapToRegistry uri https://registry.npmjs.org/concat-map
571 verbose addNameVersion registry:https://registry.npmjs.org/concat-map not in flight; fetching
572 silly resolveWithNewModule balanced-match@0.4.2 checking installable status
573 silly cache add args [ 'balanced-match@^0.4.1', null ]
574 verbose cache add spec balanced-match@^0.4.1
575 silly cache add parsed spec Result {
575 silly cache add   raw: 'balanced-match@^0.4.1',
575 silly cache add   scope: null,
575 silly cache add   escapedName: 'balanced-match',
575 silly cache add   name: 'balanced-match',
575 silly cache add   rawSpec: '^0.4.1',
575 silly cache add   spec: '>=0.4.1 <0.5.0',
575 silly cache add   type: 'range' }
576 silly addNamed balanced-match@>=0.4.1 <0.5.0
577 verbose addNamed ">=0.4.1 <0.5.0" is a valid semver range for balanced-match
578 silly addNameRange { name: 'balanced-match',
578 silly addNameRange   range: '>=0.4.1 <0.5.0',
578 silly addNameRange   hasData: false }
579 silly mapToRegistry name balanced-match
580 silly mapToRegistry using default registry
581 silly mapToRegistry registry https://registry.npmjs.org/
582 silly mapToRegistry data Result {
582 silly mapToRegistry   raw: 'balanced-match',
582 silly mapToRegistry   scope: null,
582 silly mapToRegistry   escapedName: 'balanced-match',
582 silly mapToRegistry   name: 'balanced-match',
582 silly mapToRegistry   rawSpec: '',
582 silly mapToRegistry   spec: 'latest',
582 silly mapToRegistry   type: 'tag' }
583 silly mapToRegistry uri https://registry.npmjs.org/balanced-match
584 verbose addNameRange registry:https://registry.npmjs.org/balanced-match not in flight; fetching
585 verbose get https://registry.npmjs.org/concat-map not expired, no request
586 verbose get https://registry.npmjs.org/balanced-match not expired, no request
587 silly addNameRange number 2 { name: 'balanced-match',
587 silly addNameRange   range: '>=0.4.1 <0.5.0',
587 silly addNameRange   hasData: true }
588 silly addNameRange versions [ 'balanced-match',
588 silly addNameRange   [ '0.0.0',
588 silly addNameRange     '0.0.1',
588 silly addNameRange     '0.1.0',
588 silly addNameRange     '0.2.0',
588 silly addNameRange     '0.2.1',
588 silly addNameRange     '0.3.0',
588 silly addNameRange     '0.4.0',
588 silly addNameRange     '0.4.1',
588 silly addNameRange     '0.4.2' ] ]
589 silly addNamed balanced-match@0.4.2
590 verbose addNamed "0.4.2" is a plain semver version for balanced-match
591 silly cache afterAdd concat-map@0.0.1
592 verbose afterAdd /Users/Marliana/.npm/concat-map/0.0.1/package/package.json not in flight; writing
593 verbose correctMkdir /Users/Marliana/.npm correctMkdir not in flight; initializing
594 silly cache afterAdd balanced-match@0.4.2
595 verbose afterAdd /Users/Marliana/.npm/balanced-match/0.4.2/package/package.json not in flight; writing
596 verbose correctMkdir /Users/Marliana/.npm correctMkdir not in flight; initializing
597 verbose afterAdd /Users/Marliana/.npm/balanced-match/0.4.2/package/package.json written
598 verbose afterAdd /Users/Marliana/.npm/concat-map/0.0.1/package/package.json written
599 silly fetchNamedPackageData abbrev
600 silly mapToRegistry name abbrev
601 silly mapToRegistry using default registry
602 silly mapToRegistry registry https://registry.npmjs.org/
603 silly mapToRegistry data Result {
603 silly mapToRegistry   raw: 'abbrev',
603 silly mapToRegistry   scope: null,
603 silly mapToRegistry   escapedName: 'abbrev',
603 silly mapToRegistry   name: 'abbrev',
603 silly mapToRegistry   rawSpec: '',
603 silly mapToRegistry   spec: 'latest',
603 silly mapToRegistry   type: 'tag' }
604 silly mapToRegistry uri https://registry.npmjs.org/abbrev
605 verbose request uri https://registry.npmjs.org/abbrev
606 verbose request no auth needed
607 info attempt registry request try #1 at 4:15:24 PM
608 verbose etag "DLUYOKCTS1KVKUK8BNXK7BIHO"
609 http request GET https://registry.npmjs.org/abbrev
610 http 304 https://registry.npmjs.org/abbrev
611 verbose headers { date: 'Fri, 14 Oct 2016 20:15:24 GMT',
611 verbose headers   via: '1.1 varnish',
611 verbose headers   'cache-control': 'max-age=300',
611 verbose headers   etag: '"DLUYOKCTS1KVKUK8BNXK7BIHO"',
611 verbose headers   age: '90',
611 verbose headers   connection: 'keep-alive',
611 verbose headers   'x-served-by': 'cache-iad2122-IAD',
611 verbose headers   'x-cache': 'HIT',
611 verbose headers   'x-cache-hits': '3',
611 verbose headers   'x-timer': 'S1476476124.663396,VS0,VE0',
611 verbose headers   vary: 'Accept-Encoding' }
612 silly get cb [ 304,
612 silly get   { date: 'Fri, 14 Oct 2016 20:15:24 GMT',
612 silly get     via: '1.1 varnish',
612 silly get     'cache-control': 'max-age=300',
612 silly get     etag: '"DLUYOKCTS1KVKUK8BNXK7BIHO"',
612 silly get     age: '90',
612 silly get     connection: 'keep-alive',
612 silly get     'x-served-by': 'cache-iad2122-IAD',
612 silly get     'x-cache': 'HIT',
612 silly get     'x-cache-hits': '3',
612 silly get     'x-timer': 'S1476476124.663396,VS0,VE0',
612 silly get     vary: 'Accept-Encoding' } ]
613 verbose etag https://registry.npmjs.org/abbrev from cache
614 verbose get saving abbrev to /Users/Marliana/.npm/registry.npmjs.org/abbrev/.cache.json
615 verbose correctMkdir /Users/Marliana/.npm correctMkdir not in flight; initializing
616 silly resolveWithNewModule abbrev@1.0.9 checking installable status
617 silly cache add args [ 'abbrev@1', null ]
618 verbose cache add spec abbrev@1
619 silly cache add parsed spec Result {
619 silly cache add   raw: 'abbrev@1',
619 silly cache add   scope: null,
619 silly cache add   escapedName: 'abbrev',
619 silly cache add   name: 'abbrev',
619 silly cache add   rawSpec: '1',
619 silly cache add   spec: '>=1.0.0 <2.0.0',
619 silly cache add   type: 'range' }
620 silly addNamed abbrev@>=1.0.0 <2.0.0
621 verbose addNamed ">=1.0.0 <2.0.0" is a valid semver range for abbrev
622 silly addNameRange { name: 'abbrev', range: '>=1.0.0 <2.0.0', hasData: false }
623 silly mapToRegistry name abbrev
624 silly mapToRegistry using default registry
625 silly mapToRegistry registry https://registry.npmjs.org/
626 silly mapToRegistry data Result {
626 silly mapToRegistry   raw: 'abbrev',
626 silly mapToRegistry   scope: null,
626 silly mapToRegistry   escapedName: 'abbrev',
626 silly mapToRegistry   name: 'abbrev',
626 silly mapToRegistry   rawSpec: '',
626 silly mapToRegistry   spec: 'latest',
626 silly mapToRegistry   type: 'tag' }
627 silly mapToRegistry uri https://registry.npmjs.org/abbrev
628 verbose addNameRange registry:https://registry.npmjs.org/abbrev not in flight; fetching
629 verbose get https://registry.npmjs.org/abbrev not expired, no request
630 silly addNameRange number 2 { name: 'abbrev', range: '>=1.0.0 <2.0.0', hasData: true }
631 silly addNameRange versions [ 'abbrev',
631 silly addNameRange   [ '1.0.3', '1.0.4', '1.0.5', '1.0.6', '1.0.7', '1.0.9' ] ]
632 silly addNamed abbrev@1.0.9
633 verbose addNamed "1.0.9" is a plain semver version for abbrev
634 silly cache afterAdd abbrev@1.0.9
635 verbose afterAdd /Users/Marliana/.npm/abbrev/1.0.9/package/package.json not in flight; writing
636 verbose correctMkdir /Users/Marliana/.npm correctMkdir not in flight; initializing
637 verbose afterAdd /Users/Marliana/.npm/abbrev/1.0.9/package/package.json written
638 silly loadAllDepsIntoIdealTree Finishing
639 silly loadIdealTree Finishing
640 silly currentTree lib
640 silly currentTree  grunt-cli@1.2.0
640 silly currentTree    abbrev@1.0.9
640 silly currentTree    balanced-match@0.4.2
640 silly currentTree    brace-expansion@1.1.6
640 silly currentTree    concat-map@0.0.1
640 silly currentTree    findup-sync@0.3.0
640 silly currentTree    glob@5.0.15
640 silly currentTree    grunt-known-options@1.1.0
640 silly currentTree    inflight@1.0.5
640 silly currentTree    inherits@2.0.3
640 silly currentTree    minimatch@3.0.3
640 silly currentTree    nopt@3.0.6
640 silly currentTree    once@1.4.0
640 silly currentTree    path-is-absolute@1.0.1
640 silly currentTree    resolve@1.1.7
640 silly currentTree    wrappy@1.0.2
641 silly idealTree lib
641 silly idealTree  grunt-cli@1.2.0
641 silly idealTree    abbrev@1.0.9
641 silly idealTree    balanced-match@0.4.2
641 silly idealTree    brace-expansion@1.1.6
641 silly idealTree    concat-map@0.0.1
641 silly idealTree    findup-sync@0.3.0
641 silly idealTree    glob@5.0.15
641 silly idealTree    grunt-known-options@1.1.0
641 silly idealTree    inflight@1.0.6
641 silly idealTree    inherits@2.0.3
641 silly idealTree    minimatch@3.0.3
641 silly idealTree    nopt@3.0.6
641 silly idealTree    once@1.4.0
641 silly idealTree    path-is-absolute@1.0.1
641 silly idealTree    resolve@1.1.7
641 silly idealTree    wrappy@1.0.2
642 silly generateActionsToTake Starting
643 silly install generateActionsToTake
644 warn checkPermissions Missing write access to /usr/local/lib/node_modules/grunt-cli
645 warn checkPermissions Missing write access to /usr/local/lib/node_modules/grunt-cli/node_modules
646 silly rollbackFailedOptional Starting
647 silly rollbackFailedOptional Finishing
648 silly runTopLevelLifecycles Finishing
649 silly install printInstalled
650 verbose stack Error: EACCES: permission denied, access '/usr/local/lib/node_modules/grunt-cli'
650 verbose stack     at Error (native)
651 verbose cwd /Users/Marliana/Documents/tiyClasswork/homework/goldenHour
652 error Darwin 15.6.0
653 error argv "/usr/local/Cellar/node/6.5.0/bin/node" "/usr/local/bin/npm" "install" "-g" "grunt-cli"
654 error node v6.6.0
655 error npm  v3.10.9
656 error path /usr/local/lib/node_modules/grunt-cli
657 error code EACCES
658 error errno -13
659 error syscall access
660 error Error: EACCES: permission denied, access '/usr/local/lib/node_modules/grunt-cli'
660 error     at Error (native)
660 error  { Error: EACCES: permission denied, access '/usr/local/lib/node_modules/grunt-cli'
660 error     at Error (native)
660 error   errno: -13,
660 error   code: 'EACCES',
660 error   syscall: 'access',
660 error   path: '/usr/local/lib/node_modules/grunt-cli' }
661 error Please try running this command again as root/Administrator.
662 verbose exit [ -13, true ]
